Date : 2025-06-04 00:33:28
451	25359	55181	0.008173103060836157
Date : 2025-06-04 00:42:07
451 paires de doublons
25359 requêtes avec au moins deux passages pertinents	55181	0.008173103060836157
55181 passages pertinents pour ces requêtes	0.008173103060836157
0.008173103060836157 proportion de doublons parmi tous les passages
0.45093774795532227 secondes
Date : 2025-06-04 01:12:27
451 paires de doublons
25359 requêtes avec au moins deux passages pertinents	55181	0.016346206121672313
55181 passages pertinents pour ces requêtes	0.016346206121672313
0.016346206121672313 proportion de doublons parmi tous les passages
0.39176392555236816 secondes
Date : 2025-06-05 22:45:37
451 paires de doublons
25359 requêtes avec au moins deux passages pertinents	55181	0.016346206121672313
55181 passages pertinents pour ces requêtes	0.016346206121672313
0.016346206121672313 proportion de doublons parmi tous les passages
0.7093987464904785 secondes
Date : 2025-06-06 01:17:20
451 paires de doublons
25359 requêtes avec au moins deux passages pertinents	55181	0.016346206121672313
55181 passages pertinents pour ces requêtes	0.016346206121672313
0.016346206121672313 proportion de doublons parmi tous les passages
0.5465128421783447 secondes
Date : 2025-06-06 01:17:58
451 paires de doublons
25359 requêtes avec au moins deux passages pertinents	55181	0.016346206121672313
55181 passages pertinents pour ces requêtes	0.016346206121672313
0.016346206121672313 proportion de doublons parmi tous les passages
0.5851013660430908 secondes
Date : 2025-06-06 01:19:07
451 paires de doublons
25359 requêtes avec au moins deux passages pertinents	55181	0.016346206121672313
55181 passages pertinents pour ces requêtes	0.016346206121672313
0.016346206121672313 proportion de doublons parmi tous les passages
0.5453145503997803 secondes
Date : 2025-06-06 01:20:21
451 paires de doublons
25359 requêtes avec au moins deux passages pertinents	55181	0.016346206121672313
55181 passages pertinents pour ces requêtes	0.016346206121672313
0.016346206121672313 proportion de doublons parmi tous les passages
0.4857039451599121 secondes
Date : 2025-06-06 01:25:48
451 paires de doublons
25359 requêtes avec au moins deux passages pertinents	55181	0.016346206121672313
55181 passages pertinents pour ces requêtes	0.016346206121672313
0.016346206121672313 proportion de doublons parmi tous les passages
0.4784352779388428 secondes
Date : 2025-06-06 01:27:00
451 paires de doublons
25359 requêtes avec au moins deux passages pertinents	55181	0.016346206121672313
55181 passages pertinents pour ces requêtes	0.016346206121672313
0.016346206121672313 proportion de doublons parmi tous les passages
0.7166972160339355 secondes
Date : 2025-06-06 01:27:49
451 paires de doublons
25359 requêtes avec au moins deux passages pertinents	55181	0.016346206121672313
55181 passages pertinents pour ces requêtes	0.016346206121672313
0.016346206121672313 proportion de doublons parmi tous les passages
0.37189602851867676 secondes
Date : 2025-06-06 02:03:31
451 paires de doublons
25359 requêtes avec au moins deux passages pertinents	55181	0.016346206121672313
55181 passages pertinents pour ces requêtes	0.016346206121672313
0.016346206121672313 proportion de doublons parmi tous les passages
0.5057189464569092 secondes
Date : 2025-07-04 22:19:17
451 paires de doublons
25359 requêtes avec au moins deux passages pertinents	55181	0.016346206121672313
55181 passages pertinents pour ces requêtes	0.016346206121672313
0.016346206121672313 proportion de doublons parmi tous les passages
0.8385095596313477 secondes
Date : 2025-07-04 22:43:03
451 paires de doublons
25359 requêtes avec au moins deux passages pertinents	55181	0.016346206121672313
55181 passages pertinents pour ces requêtes	0.016346206121672313
0.016346206121672313 proportion de doublons parmi tous les passages
0.8679337501525879 secondes
