154030	154032	Government's four key functions.
167335	167342	US Assure Builders Risk Plan
213377	213378	LDL and HDL cholesterol levels.
217416	217417	Lung cancer symptoms include coughing and pain.
225157	225159	COPD is a leading cause death.
274905	274906	Kratom is a Southeast Asian plant.
347691	347699	Sinton, Texas, county seat population.
365030	365031	House moving costs vary greatly nationwide.
374769	374773	Longest personal name ever recorded.
377541	377543	Hypertrophic Cardiomyopathy in Cats
400523	400526	Monotremes are egg-laying mammals.
400523	400527	Monotremes are egg-laying mammals.
400526	400527	Monotremes are egg-laying mammals.
404173	404175	Portuguese liqueur made from seeds.
407559	407560	Grass allergy causes respiratory issues.
418053	418054	Timing belt replacement costs vary widely.
423123	423125	Iconic alluring women of allure.
424694	424695	Venus is the hottest planet.
437359	437361	Billy Joel is a Jewish musician.
441543	441550	Pu-erh tea aids weight loss.
456433	456434	Pennsylvania speed limits vary greatly.
467220	467223	Kaiser Permanente Santa Rosa Medical Center
467726	467730	Excessive Vitamin D causes health issues.
525329	525334	HIV attacks immune system slowly.
537246	537247	Parakeets live up to 15 years.
546916	546918	Time-weighted average price strategy.
592650	592653	Baked chicken drumstick nutrition facts.
598282	598286	Foods starting with the letter L.
604545	604551	Spoon-shaped nails have multiple causes.
149505	149510	Atenolol treats high blood pressure.
645945	645947	Buyer broker agreement facilitates home search.
652873	652874	Common side effects of pneumonia vaccine.
665434	665437	Low-income families qualify for Medicaid.
665688	665689	Lami's theorem applies to equilibrium forces.
692841	692849	Collaborative organizational design fosters collective success.
695884	695888	Yoga reduces depression symptoms effectively.
699884	699889	Mobile home moving costs vary greatly.
707415	542499	Chronic digestive tract inflammation disease.
725406	725411	Gutter cleaning costs vary by size.
751002	751007	Teen pregnancy rates vary by ZIP codes.
786253	786257	Italy hit by severe weather disaster.
802153	802159	Carbohydrates are found in various foods.
816925	816927	Primary colors cannot be mixed.
821129	169161	Beets offer numerous health benefits.
827894	827899	T cells regulate immune response.
863117	863121	Fats are found in various foods.
870716	870717	Puberty onset varies among boys significantly.
895632	895636	Broil steaks to desired doneness.
898291	898292	Bud Light is a popular beer.
905104	905108	EpiPen treats severe allergic reactions.
913773	913774	Lychee is a sweet tropical fruit.
966333	966338	2015 Dodge Charger SRT Hellcat
980204	980207	Definition of hypocrisy.
993641	993644	Warfarin is an anticoagulant medication.
998313	998316	Fixed and variable costs differ greatly.
1000338	1000339	Hardwood floor refinishing costs vary widely.
1019777	1019778	Greenhouse gases have a huge impact.
1020425	1020426	Athlete salaries vary greatly nationwide.
1022780	1022786	Common knowledge encompasses widely accepted facts.
1027489	1027496	Smartphone push notifications appear frequently.
1037023	1037024	Hinesburg, VT weather forecast varies.
1042211	1042212	Arctic Circle is a major latitude.
1054691	1054694	Protein content varies in different meats.
1061504	1061505	Fiber-rich foods aid digestion naturally.
1103504	1103505	Protozoa cause human parasitic diseases.
1110868	1110870	African name meaning queenly origin.
1110868	1110872	African name meaning queenly origin.
1110870	1110872	African name meaning queenly origin.
1119747	1119754	Nail biting linked to perfectionism.
1153527	1153530	Measles symptoms include fever and rash.
1165074	1165075	Eating breakfast boosts metabolism and energy.
1165411	1165413	DNA base pair substitution occurs.
1179279	1179282	Walmart weekly sales and discounts.
1198652	1198653	Vermiculite is a lightweight mineral.
1233575	1233576	Mexico is a federal republic.
1258536	1258540	First National Bank of Pennsylvania routing number.
1270800	1270804	Qdoba average salary is $38,000.
1281477	1281478	Amylose and Amylopectin are starch components.
1303475	1303477	Spanish white grape varieties abound.
1380847	1380850	Key skills match job requirements.
1382305	1382311	Jeremy Corbyn wins Labour leadership election.
1386613	1386614	Architect salaries vary by location.
1388140	1388141	Brid is a strong protective name.
1411431	1411432	Miami-Dade County population growth rate.
1427236	1427237	Domino's pizza delivery driver income varies widely.
1436833	1436839	Irritable bowel syndrome in babies.
1470829	1470833	Arnica eases joint pain naturally.
1502804	1502808	Industry standard page count guide.
1502921	1502923	George Clooney marries Amal Alamuddin.
1513770	1513774	Amoxicillin treats various bacterial infections.
1532473	1532474	Hawley, PA weather forecast varies.
1538227	1538228	Back injuries from car accidents.
1560610	1560616	Lemon juice reduces uric acid levels.
1577532	1577535	Prerequisites and corequisites are requirements.
1585249	1585250	UFC fighters earn varying amounts.
1589625	1589630	Felimazole treats hyperthyroidism in cats.
1211179	1595697	Muscle inflammation causes weakness and pain.
1676448	1676453	Phosphorus is essential for bodily functions.
1687496	1687500	St. Petersburg, Pinellas County, Florida.
1700159	1700165	Rajasthan's climate has four distinct seasons.
1712408	1712410	Driving-point impedance ratio of voltage to current.
1713212	1713215	Tongue mass causes include various conditions.
1717222	1717225	Rings of Power in Middle Earth
1737244	1737245	Big Bear City weather forecast varies.
1737244	1737247	Big Bear City weather forecast varies.
1737245	1737247	Big Bear City weather forecast varies.
1745931	1745933	Ellie is a diminutive form of Ellen.
1767595	1767596	Azithromycin treats various bacterial infections.
1774051	1774052	Safeway salary ranges vary greatly.
1785921	1785921	Frequent visitor to a favorite spot.
1787022	1787023	Auburn, PA weather forecast varies.
1808631	1808633	Roman Empire and Han Dynasty similarities.
1814725	1814729	Polyarthritis symptoms include pain and swelling.
1820575	1820582	Ginger relieves digestive issues naturally.
1878128	1878133	DuraStone is a manufactured tile.
1890673	1890676	Orbitz customer service contact numbers.
1955152	1955154	Boil eggs in single layer.
1960506	1960512	Light is much faster than sound.
1962521	1962522	Bill Gates regains top spot.
1977059	1977059	Entrust provides online security products.
1982743	1982751	Robert Hooke discovered the cell concept.
2002617	2002618	Speeding ticket costs vary greatly nationwide.
2039634	2039635	Cuomo reduces his state salary.
2049925	2049930	Armpit pain from stomach issues.
2065144	2065150	Marinate salmon in lemon mixture.
2090792	982148	Eat monounsaturated and polyunsaturated fats.
2097606	2097610	Ancient Greek Battle of Marathon
2105725	2105726	Earth is the largest terrestrial planet.
2118970	2118971	Lion weights vary greatly in range.
2194132	2194138	Soft-bodied ocean invertebrate with snout.
2205763	2205763	Salmonella transmission through human contact.
708100	708098	Roth IRA withdrawal rules apply.
2215514	2215519	Pentagon lifts transgender military ban.
161510	950481	Ribose and deoxyribose differ slightly.
2296898	2296901	Power Rangers reboot hits theaters July 22.
2301474	2301475	Forward calls from your home phone.
2303755	2303760	Methyldopa treats high blood pressure.
2304483	2304484	Newton is the SI unit of force.
2307351	2307353	Prime Minister's official Canadian residence.
2310058	2310059	Innate vs Adaptive Immunity Differences
2332816	2332821	Omeprazole treats stomach acid issues.
2366306	2366307	Folate-rich foods fight colon cancer.
2398536	2398538	Comma is a punctuation mark.
2407676	2407681	NEMA is electrical equipment association.
2438645	2438646	Medicare Advantage plan costs vary greatly.
2454928	2454933	Chevrolet introduces smallest diesel engine.
464726	565202	Drywall installation costs vary greatly nationwide.
2473048	2473049	Normal creatinine and BUN levels vary.
2514639	2514640	Lendio simplifies business loan process.
161510	950481	Ribose and deoxyribose differ slightly.
2544766	2544767	Turf toe symptoms include pain and swelling.
2582392	2582393	Caloric burn varies by age group.
2582491	2582494	Guardians of the Galaxy DVD release.
2588240	2588242	Hospital waives patient's medical bill.
2600072	2600074	English surname and given name origin.
2630157	2630158	Lung cancer survival rates vary greatly.
2642901	906393	Iodine is essential for thyroid hormones.
2647809	2647815	Most Congress members are lawyers.
2671532	2671537	Prevacid reduces stomach acid production.
2718182	2718190	Greg tries to be nice.
2767714	2767715	Mamma Mia filmed on Skopelos Island.
2768735	2768737	Marinate and bake chicken wings.
2772082	2772084	Dale, Wisconsin, small rural town.
2783247	2783255	Wellington is New Zealand's capital city.
2791555	2791557	Power steering stabilizes car's idle speed.
2796681	2796682	Basque region's fast-paced ball game.
2545962	2797217	Strep throat is a bacterial infection.
2813569	2813573	Mitsubishi to build Outlander Sport.
2819133	2819136	Improves muscle stamina and circulation.
2687997	2687998	Massachusetts sales tax rate is 6.25%.
2884753	2884758	Smoking causes various serious health issues.
2887977	2887978	Graduate counseling students receive $1,000 awards.
2904825	2904827	School rules promote student safety and behavior.
2919943	2919946	Service dogs come in various breeds.
2933212	2468849	HPV causes various types of warts.
2947342	2947343	Bergamot oil has numerous health benefits.
2950929	2950934	Most of Earth's water exists everywhere.
2965427	2965432	Italian operatic tenor Enrico Caruso.
2980136	2980137	French slang term for girl
2988000	2988001	Predecessor and forerunner.
3015336	221782	Doughnut calorie content varies greatly.
3039165	3039171	Onondaga Cave tours available April October.
3054269	3054273	Geovista Credit Union routing number.
3058000	3058006	Los Angeles County Health Facility Licensing.
3058316	3058319	Aitken Basin near the moon's south.
3061637	3061639	Backhoe operator average annual salary
3063531	3063532	Ohio is the 7th most populous state.
3083970	3083973	Annandale VA house for sale
3159585	3159587	Additive inverse of a number.
3163395	3163397	NSA Headquarters is located near Baltimore.
3181640	3181642	Bake pork chops to tender perfection.
3189544	3189547	Pituitary gland tumor growth issue.
3189940	2860931	Fred Gwynne dies at 66
3193666	3193667	Internet Explorer compatibility issues occur.
3202884	3202889	Urinary tract infections and related diseases.
3218409	3218411	Square feet to square yards conversion.
3224477	3224480	Store fruits and veggies separately.
3230328	3230329	South Africa Cost Engineers earn high salaries.
1647331	1647334	Women's suffrage granted in 1920.
3242482	3242483	Cleveland Neighborhoods in Cuyahoga County.
3252193	3252197	Anita Sarkeesian is a media critic.
3252209	3252210	Taylor is a French name meaning tailor.
3359560	3359564	Dogs eat grass for various reasons.
3381218	3381219	Outpatient surgical facilities.
3395498	3395503	Cancer symptoms often go undetected.
3427269	3427274	Hide in various secret locations.
3489748	721745	Cranial nerves control body functions.
3507783	3507785	Landon is an English origin name.
3508641	3508642	Luxury hotel near Venetian Macao Casino.
3519704	3519705	Weight Loss Supplements for Nighttime Use
3529859	3529865	Trevor Hoffman's Hall of Fame case
3565464	3565465	Grand Canal in eastern China.
3583910	3583911	Judgments stay on credit reports seven years.
3642344	3642345	Pond construction costs vary greatly.
3651609	3651609	Reactivity increases in alkali and halogens.
3654668	3654669	Dogs vomit white foam due illness.
3700952	3700953	Grill steaks with olive oil seasoning.
3712440	3712441	Canadian law has two main types.
3737070	3737075	Classification of life into domains and kingdoms.
3751761	3751764	Raymond Damadian invented MRI technology.
3762402	3762403	Mount Washington weather forecast varies significantly.
3780311	3780314	Carlsbad Village Street Faire Event
3789323	3789327	Connect laptop to external display.
3803496	3803500	McCarran International Airport is closest.
3827796	3827798	Amarillo National Bank routing number.
3853019	3853021	Frank Miller directs Gucci commercial.
369323	369321	Hormones are body chemical messengers.
3953461	3953464	Notable Cherokee leaders during Trail.
3960047	3960049	Suede is a type of leather.
1470083	1470085	Furnace replacement costs vary widely nationwide.
3972314	3972318	Gifford Pinchot was a conservationist leader.
4024282	4024289	Panama uses US dollar currency.
4024994	4024996	Boy Scouts of America founded in 1910.
763169	763169	Recover means to regain or obtain.
4064597	3414274	Brown hair shades vary greatly naturally.
4068387	4068387	Seton Hall Medical School in Jersey.
4073717	4073718	Maintain optimal fridge and freezer temperatures.
4076535	4076536	Probate filing fees vary greatly.
4094296	4094297	Blow fly lifespan is approximately 37 days.
4103266	4103272	Northern snakeheads migrate between depths seasonally.
4111706	4111710	Doctor tests for blood cell issues.
3938731	4114581	Edit PDF with Acrobat tools.
4127068	4127072	Eric Schmidt steps down as CEO.
4131735	4131736	Los Gatos weather forecast summary
4131735	4131741	Los Gatos weather forecast summary
4131736	4131741	Los Gatos weather forecast summary
4160809	4160811	Ciprofloxacin treats various bacterial infections.
4170831	4170836	Judges use status conferences informally.
4177532	4177536	O.J. Simpson's White Bronco Chase
4267530	4267535	Sazon seasoning combines Caribbean flavors worldwide.
4346240	4346247	Pericardial effusion causes vary widely.
109516	109523	Closest full moon in 21st century.
4400488	4400490	Logical fallacy distorts argumentation.
1482106	4413935	Metoprolol treats heart conditions effectively.
4418657	4418661	Electricity powers first Christmas tree.
4420411	4420414	Memphis to Blytheville driving distance.
4423185	4423190	Bankruptcy stays on credit report for years.
4430704	4430705	Male platypuses have venomous ankle spurs.
365985	4442540	Hemoglobin test measures red blood cells.
4454739	4454740	Earlobe repair costs vary greatly.
4457335	4457338	Linden, New Jersey, near New York.
3342470	4475555	Michelangelo painted Sistine Chapel ceiling.
4482291	4482297	Sofia Carson is a Disney actress.
4496264	4496264	Jurassic Park Rapids Adventure ride.
4522030	4522032	Robert E. Lee led Confederate forces.
4540798	4540799	Rwandan Genocide of Tutsi and Hutu.
4546040	4546042	Fozzie bear says waka waka.
4550225	4550226	Utah becomes a US state.
3886244	4569115	Bizaardvark stars play musical instruments.
4579325	891004	Sulfur is a chemical element.
4617593	4617594	TE and TR measurements vary greatly.
4638694	4638695	Sicily's July weather is very hot.
4674138	1041204	Software Engineers earn high salaries nationwide.
4682463	4682464	Carbon is fourth most abundant element.
4704229	4704231	Hydrocodone and guaifenesin solution.
4714318	4714321	Maria Stark is Tony Stark's mother.
4748415	3188452	Earthquakes occur at plate boundaries.
4758331	4758335	Numbness in legs and feet symptoms.
2242077	4760228	Prophet Muhammad founded Islamic faith.
4779566	4779568	Faucet installation costs vary greatly.
4827118	4827120	Gothic literature originated from ancient legends.
4829996	4829999	Punta Arenas, Chile's southernmost city.
4881576	4881578	Guaraní is widely spoken in Paraguay.
4902346	4902349	Toxicodendron causes severe contact dermatitis.
4911637	4911640	Tools needed for Harley rear wheel removal.
4925681	4925682	Avoid carbonated drinks after tooth extraction.
4926218	4926221	Ariana Grande is nearly 19 years old.
4942491	3210121	Economic downturns involve significant decline.
4958189	4958191	Headstone cleaning costs vary greatly.
1018987	4960385	Marinate chicken in teriyaki sauce.
4961233	4961235	Vizio Universal Remote Control
5000800	5000806	Post-surgery follow-up care is crucial.
2190788	2190784	DNA vs RNA differences exist.
5031656	5031664	Tom Cotton, Republican U.S. Senator
5036300	5036305	States retained independence under New Jersey.
5052298	5052305	Patented vs Unpatented Mining Claims
5064199	5064205	Switzerland charges varying tuition fees.
5068882	5068888	Doxazosin treats high blood pressure.
5080540	5080541	Cerenia for motion sickness prevention.
211433	211431	Factitious illness deception in others.
5135563	5135564	Thoracic cavity contains lungs and heart.
5152484	5152490	Diet Coke vs Coke Zero differences.
5159304	1165051	Doberman Pinscher is a German breed.
5163355	5163359	Radishes are rich in essential nutrients.
5179793	5179794	Economic transformation accelerates through productivity growth.
5195690	5195693	Staff Development Days and Reading Week.
5196146	5196148	Titanium is strong and corrosion-resistant metal.
5232602	5232605	Professional organizers charge varying hourly rates.
5239012	5239016	Viola Davis wins Oscar for Fences.
5245617	5245623	North Korea holds Workers' Party congress.
877148	3254383	Body temperature drops to 95 degrees.
5277976	5277982	Mormonism is a Christian faith.
5296236	5296237	Keshia Knight Pulliam gets eliminated.
5314034	5314036	Basic human needs drive behavior.
5315896	5315900	Wichita Falls DMV Office Location
5327135	5327142	K. Michelle rose to fame.
5369727	5369729	Autoimmune diseases affect various body systems.
5375192	5375193	French dessert made with custard.
5383833	5383834	Optic nerve transmits visual information.
5409939	5409945	Eglin Air Force Base in Florida.
5411846	5411847	Pelvic nerves control bladder function.
5465891	5465899	Install APK on Android Emulator
5465940	5465941	System verification and validation process.
5496903	5496904	Old car seats pose significant safety risks.
5532492	5532493	Adjustable crutches with gel grips.
5552290	5552294	Physical vs Chemical Changes
5557184	5557187	Transfer files with Samsung Kies.
1616463	5577022	Lemon water aids weight loss.
5578577	5578579	Permit processing time varies greatly.
5622996	5623001	English language adaptation process.
523153	5668498	Alcohol withdrawal symptoms can be severe.
5671153	5671154	Store asparagus in cool damp conditions.
5675558	5675562	Green tea offers numerous health benefits.
5675558	5675564	Green tea offers numerous health benefits.
5675562	5675564	Green tea offers numerous health benefits.
188328	1892026	Accounts Payable Clerk average salary range.
5738752	5738754	Regular dental visits improve overall health.
5742014	5742015	Foods to avoid with colitis.
1893524	1893524	Uric acid production inhibitors
5787265	5787266	Tear film has three distinct layers.
5794054	3339083	Titanic's dimensions and tonnage.
5794605	5794607	Excess cholesterol in the blood.
5795141	5795148	Human activities cause global warming.
5865929	4690510	Scoffing lawbreaker during Prohibition era.
4690511	4690511	Criminal who evades the law.
4241947	5881058	Babies typically crawl between 7-10 months.
5892297	5892299	Convenient finger food options abound.
2578352	5902224	Elicit information from someone.
5919694	5919695	Physical pain or causing harm.
5926679	1053469	Neil Armstrong, First Man on Moon
5936167	4486117	Gunnar Hansen dies at 68.
5946055	5946056	Cook pork chops in NuWave oven.
5959740	5959745	Grapes contain varying carbohydrate amounts.
5974240	5974242	Australian Commonwealth Coat of Arms
5981437	5981438	Station near Greenwich and Lewisham.
5997256	5997261	Hair transplant costs vary greatly.
5812740	6030556	Metronidazole treats various bacterial infections.
6046276	6046281	Cedar tree species vary greatly worldwide.
6077291	6077292	Avila Beach weather forecast is warm.
6078614	6078623	Dutch Iris are early spring bloomers.
6085736	6085737	Baby Boomers born 1946-1964.
6085915	6085916	Penguins and moose are diverse animals.
6089247	6089252	Youngest FA Cup manager in history
6089890	6089895	Scandium is a silvery-white metal.
6103823	6103824	Spain uses the Euro currency.
6105778	6105780	Alameda County Medical Center Hospital Oakland.
2959661	6119805	Pancreas is an abdominal organ.
6127859	6127860	Bosnia-Herzegovina's currency is BAM.
6137016	6137025	Congenital thyroid hormone deficiency disorder.
6150843	6150849	HIV window period varies greatly.
5166427	6151388	Piano moving costs vary greatly nationwide.
6154952	6154953	Electrolyte is a chemical conductor.
2649569	5929951	Hepatitis B virus survives outside body.
2054798	6185264	Roth IRA withdrawal rules apply.
6191242	6191243	Iron and ferritin have distinct roles.
6192576	6192577	Independent insurance adjuster salaries vary greatly.
6192876	6192881	Ectoderm forms nervous system and skin.
6213256	6213259	Serra Da Estrela is Portugal's highest peak.
6228455	6228457	Cheyenne is a Native American name.
6235669	6235672	Inositol treats various health conditions.
6255556	6255560	Collagen injection costs vary greatly nationwide.
6255695	6255699	Globalization fuels transnational organized crime.
6268189	6268193	Sponges are primitive invertebrates.
6278207	6278208	Carbon dioxide causes global warming.
6303554	6303558	Irish surname of royal origin
6329324	6329330	Drywall installation costs vary widely nationwide.
6338660	6338666	Close and switch Galaxy S6 apps.
6374647	3609164	Store sauerkraut in refrigerator properly.
6379570	6379573	Collagen improves skin and joint health.
6382322	6382324	Daniel Sharman joins The Originals cast.
82877	6387457	Pertussis is a highly contagious bacterial disease.
6435453	6435454	Cancel subscription through BarkBox account.
6443668	6443674	Delete empty rows in Excel.
485620	474659	Drywall installation costs vary greatly nationwide.
6448248	6448250	Charles Taze Russell founded Jehovah's Witnesses.
6448663	6448665	Brain and spinal cord inflammation.
6458584	6458586	Oklahoma City to Jefferson City distance.
6363739	6561747	Blake is an Old English name.
6567247	6567248	Mozzarella cheese calorie and fat content.
6577632	5634830	Herbal teas offer numerous health benefits.
6636952	2261044	Home staging costs vary greatly nationwide.
6643838	6643841	Financial advisors earn varying salaries nationwide.
6671493	6671499	Common Topamax side effects in children.
6677855	6677859	Pregnancy symptoms include frequent urination.
6685922	6685926	Sheffield Rotherham transport link planned.
5585957	6691301	Hypothermia symptoms include shivering and confusion.
2900985	6694203	Tonsillitis causes sore throat symptoms.
6694330	6694331	Hip hop originated from breakdancing culture.
6700982	6700984	Child actors who died tragically young.
6719647	6719648	Circle represents unity and infinity.
6735500	6735505	Gluteus Medius muscle pain symptoms.
6746012	6746013	Vegetables and meats contain coenzyme Q10.
962693	962695	Arrive early for domestic flights.
6763886	6763889	Endless deep void or chasm.
4268565	6774042	Lyme disease treatment costs vary greatly.
6780529	6780532	Ureteral avulsion is a complication.
6800402	6800406	Call Ikea Customer Service Hotline Number
6839952	112773	Nutritional yeast supports overall health benefits.
6847571	6847575	Grill cauliflower with olive oil seasoning.
6854055	6854058	Single-family home in Mount Joy, PA.
6855315	6855316	Doberman coat colors vary greatly.
6868232	6868233	Lamborghini Aventador S launched in India.
6874461	6874465	RSV symptoms vary by age group.
6886795	6886798	Defendant's motion for mistrial allowed.
6899584	6899586	Melanie Cooper is a professor.
6899659	6899661	Foods high in purines exacerbate gout.
281306	4044552	Most stolen cars in 2023.
6934645	6934648	Clotrimazole treats fungal skin infections.
6949189	6949193	Anxiety disorders manifest in various forms.
6949760	185865	Amoxicillin treats various bacterial infections.
6970050	6970051	Colorado Springs Towing Services
6992850	6992854	San Luis Obispo weather forecast varies.
6994499	6994502	Inflammatory bowel disease affects the gut.
7012291	7012294	Robin Williams stars in Vietnam film.
7014586	7014587	Common foods containing gelatin listed.
7022316	7022317	People touch their faces frequently daily.
4775168	4775164	Computer interface exchanges information between components.
7040389	7040392	Lipids are insoluble in water.
7050247	7050253	Study of women's medical issues.
7060378	7060379	Bacteria are targeted by phages.
7073716	7073720	Abu Musa Island in Persian Gulf
7390699	7390703	Rats carry deadly bacterial infections.
7432909	7432910	Laser eye surgery has two main types.
7528296	7528302	Visual representation of procedures.
7617146	7617147	PetSmart Dog Bathers earn $7 hourly.
7670838	7670840	Rivers provide multiple essential services.
7744530	7744533	Tryon, Nebraska, rural county seat.
7945683	5264165	Roth IRA contribution limits apply.
8023631	8023631	Britannia Parking UK car park services.
8337323	8337324	Salt dissolves in water solution.
8381931	8381932	White lithium grease is versatile lubricant.
